<?xml version="1.0" encoding="UTF-8"?>
<!-- Generated by org.testng.reporters.JUnitXMLReporter -->
<testsuite ignored="0" hostname="DESKTOP-3I2N5J5" failures="0" tests="3" name="Default test" time="3.463" errors="0" timestamp="15 Aug 2020 14:57:02 GMT">
  <testcase classname="JerryBen.Action2Phone.Multiples" name="selectTitle" time="3.184"/>
  <testcase classname="JerryBen.Action2Phone.Multiples" name="inputEmail" time="0.122"/>
  <testcase classname="JerryBen.Action2Phone.Multiples" name="inputName" time="0.139"/>
</testsuite> <!-- Default test -->
