<?xml version="1.0" encoding="UTF-8"?>
<testng-results skipped="0" failed="0" ignored="0" total="1" passed="1">
  <reporter-output>
  </reporter-output>
  <suite name="Surefire suite" duration-ms="10" started-at="2020-08-13T18:09:31 EDT" finished-at="2020-08-13T18:09:31 EDT">
    <groups>
    </groups>
    <test name="Surefire test" duration-ms="10" started-at="2020-08-13T18:09:31 EDT" finished-at="2020-08-13T18:09:31 EDT">
      <class name="JerryBen.Action2Phone.AppTest">
        <test-method status="PASS" signature="testApp()[pri:0, instance:testApp(JerryBen.Action2Phone.AppTest)]" name="testApp" duration-ms="2" started-at="2020-08-13T18:09:31 EDT" finished-at="2020-08-13T18:09:31 EDT">
          <reporter-output>
          </reporter-output>
        </test-method> <!-- testApp -->
      </class> <!-- JerryBen.Action2Phone.AppTest -->
    </test> <!-- Surefire test -->
  </suite> <!-- Surefire suite -->
</testng-results>
