<?xml version="1.0" encoding="UTF-8"?>
<testng-results ignored="0" total="1" passed="1" failed="0" skipped="0">
  <reporter-output>
  </reporter-output>
  <suite started-at="2020-08-15T00:51:53Z" name="Default suite" finished-at="2020-08-15T00:51:59Z" duration-ms="6266">
    <groups>
    </groups>
    <test started-at="2020-08-15T00:51:53Z" name="Default test" finished-at="2020-08-15T00:51:59Z" duration-ms="6266">
      <class name="JerryBen.Action2Phone.HappyPath">
        <test-method is-config="true" signature="initializeDrivers()[pri:0, instance:JerryBen.Action2Phone.HappyPath@45b4c3a9]" started-at="2020-08-14T20:51:49Z" name="initializeDrivers" finished-at="2020-08-14T20:51:53Z" duration-ms="3484" status="PASS">
          <reporter-output>
          </reporter-output>
        </test-method> <!-- initializeDrivers -->
        <test-method signature="phonePath()[pri:0, instance:JerryBen.Action2Phone.HappyPath@45b4c3a9]" started-at="2020-08-14T20:51:53Z" name="phonePath" finished-at="2020-08-14T20:51:59Z" duration-ms="6253" status="PASS">
          <reporter-output>
          </reporter-output>
        </test-method> <!-- phonePath -->
      </class> <!-- JerryBen.Action2Phone.HappyPath -->
    </test> <!-- Default test -->
  </suite> <!-- Default suite -->
</testng-results>
