<?xml version="1.0" encoding="UTF-8"?>
<testng-results ignored="0" total="3" passed="3" failed="0" skipped="0">
  <reporter-output>
  </reporter-output>
  <suite started-at="2020-08-15T14:56:59Z" name="Default suite" finished-at="2020-08-15T14:57:02Z" duration-ms="3463">
    <groups>
    </groups>
    <test started-at="2020-08-15T14:56:59Z" name="Default test" finished-at="2020-08-15T14:57:02Z" duration-ms="3463">
      <class name="JerryBen.Action2Phone.Multiples">
        <test-method is-config="true" signature="initializeDrivers()[pri:0, instance:JerryBen.Action2Phone.Multiples@757277dc]" started-at="2020-08-15T10:56:55Z" name="initializeDrivers" finished-at="2020-08-15T10:56:59Z" duration-ms="3599" status="PASS">
          <reporter-output>
          </reporter-output>
        </test-method> <!-- initializeDrivers -->
        <test-method signature="selectTitle()[pri:1, instance:JerryBen.Action2Phone.Multiples@757277dc]" started-at="2020-08-15T10:56:59Z" name="selectTitle" finished-at="2020-08-15T10:57:02Z" duration-ms="3184" status="PASS">
          <reporter-output>
          </reporter-output>
        </test-method> <!-- selectTitle -->
        <test-method signature="inputEmail()[pri:2, instance:JerryBen.Action2Phone.Multiples@757277dc]" started-at="2020-08-15T10:57:02Z" name="inputEmail" finished-at="2020-08-15T10:57:02Z" duration-ms="122" status="PASS">
          <reporter-output>
          </reporter-output>
        </test-method> <!-- inputEmail -->
        <test-method signature="inputName()[pri:3, instance:JerryBen.Action2Phone.Multiples@757277dc]" started-at="2020-08-15T10:57:02Z" name="inputName" finished-at="2020-08-15T10:57:02Z" duration-ms="139" status="PASS">
          <reporter-output>
          </reporter-output>
        </test-method> <!-- inputName -->
      </class> <!-- JerryBen.Action2Phone.Multiples -->
    </test> <!-- Default test -->
  </suite> <!-- Default suite -->
</testng-results>
